0 info it worked if it ends with ok
1 verbose cli [ '/usr/local/bin/node',
1 verbose cli   '/usr/local/bin/npm',
1 verbose cli   'install',
1 verbose cli   '-g',
1 verbose cli   'polymer-cli' ]
2 info using npm@2.15.9
3 info using node@v4.6.1
4 verbose install initial load of /usr/local/lib/package.json
5 verbose readDependencies loading dependencies from /usr/local/lib/package.json
6 silly cache add args [ 'polymer-cli', null ]
7 verbose cache add spec polymer-cli
8 silly cache add parsed spec Result {
8 silly cache add   raw: 'polymer-cli',
8 silly cache add   scope: null,
8 silly cache add   name: 'polymer-cli',
8 silly cache add   rawSpec: '',
8 silly cache add   spec: 'latest',
8 silly cache add   type: 'tag' }
9 silly addNamed polymer-cli@latest
10 verbose addNamed "latest" is being treated as a dist-tag for polymer-cli
11 info addNameTag [ 'polymer-cli', 'latest' ]
12 silly mapToRegistry name polymer-cli
13 silly mapToRegistry using default registry
14 silly mapToRegistry registry https://registry.npmjs.org/
15 silly mapToRegistry data Result {
15 silly mapToRegistry   raw: 'polymer-cli',
15 silly mapToRegistry   scope: null,
15 silly mapToRegistry   name: 'polymer-cli',
15 silly mapToRegistry   rawSpec: '',
15 silly mapToRegistry   spec: 'latest',
15 silly mapToRegistry   type: 'tag' }
16 silly mapToRegistry uri https://registry.npmjs.org/polymer-cli
17 verbose addNameTag registry:https://registry.npmjs.org/polymer-cli not in flight; fetching
18 verbose request uri https://registry.npmjs.org/polymer-cli
19 verbose request no auth needed
20 info attempt registry request try #1 at 8:34:31 PM
21 verbose request id 7238b79523239630
22 verbose etag W/"581ba6f9-ffc1"
23 verbose lastModified Thu, 03 Nov 2016 21:07:05 GMT
24 http request GET https://registry.npmjs.org/polymer-cli
25 http 200 https://registry.npmjs.org/polymer-cli
26 verbose headers { server: 'nginx/1.10.1',
26 verbose headers   'content-type': 'application/json',
26 verbose headers   'last-modified': 'Sat, 26 Nov 2016 11:35:00 GMT',
26 verbose headers   etag: 'W/"58397364-ffd1"',
26 verbose headers   'content-encoding': 'gzip',
26 verbose headers   'cache-control': 'max-age=300',
26 verbose headers   'content-length': '7382',
26 verbose headers   'accept-ranges': 'bytes',
26 verbose headers   date: 'Thu, 01 Dec 2016 09:34:31 GMT',
26 verbose headers   via: '1.1 varnish',
26 verbose headers   age: '56',
26 verbose headers   connection: 'keep-alive',
26 verbose headers   'x-served-by': 'cache-mel6522-MEL',
26 verbose headers   'x-cache': 'HIT',
26 verbose headers   'x-cache-hits': '2',
26 verbose headers   'x-timer': 'S1480584871.505052,VS0,VE0',
26 verbose headers   vary: 'Accept-Encoding' }
27 silly get cb [ 200,
27 silly get   { server: 'nginx/1.10.1',
27 silly get     'content-type': 'application/json',
27 silly get     'last-modified': 'Sat, 26 Nov 2016 11:35:00 GMT',
27 silly get     etag: 'W/"58397364-ffd1"',
27 silly get     'content-encoding': 'gzip',
27 silly get     'cache-control': 'max-age=300',
27 silly get     'content-length': '7382',
27 silly get     'accept-ranges': 'bytes',
27 silly get     date: 'Thu, 01 Dec 2016 09:34:31 GMT',
27 silly get     via: '1.1 varnish',
27 silly get     age: '56',
27 silly get     connection: 'keep-alive',
27 silly get     'x-served-by': 'cache-mel6522-MEL',
27 silly get     'x-cache': 'HIT',
27 silly get     'x-cache-hits': '2',
27 silly get     'x-timer': 'S1480584871.505052,VS0,VE0',
27 silly get     vary: 'Accept-Encoding' } ]
28 verbose get saving polymer-cli to /Users/Pinkbits/.npm/registry.npmjs.org/polymer-cli/.cache.json
29 verbose correctMkdir /Users/Pinkbits/.npm correctMkdir not in flight; initializing
30 silly addNameTag next cb for polymer-cli with tag latest
31 silly addNamed polymer-cli@0.17.0
32 verbose addNamed "0.17.0" is a plain semver version for polymer-cli
33 silly cache afterAdd polymer-cli@0.17.0
34 verbose afterAdd /Users/Pinkbits/.npm/polymer-cli/0.17.0/package/package.json not in flight; writing
35 verbose correctMkdir /Users/Pinkbits/.npm correctMkdir not in flight; initializing
36 verbose afterAdd /Users/Pinkbits/.npm/polymer-cli/0.17.0/package/package.json written
37 silly install resolved [ { name: 'polymer-cli',
37 silly install resolved     version: '0.17.0',
37 silly install resolved     description: 'A commandline tool for Polymer projects',
37 silly install resolved     main: 'lib/polymer-cli.js',
37 silly install resolved     engines: { node: '>=4.0' },
37 silly install resolved     bin: { polymer: 'bin/polymer.js' },
37 silly install resolved     scripts:
37 silly install resolved      { lint: 'gulp lint',
37 silly install resolved        build: 'gulp build',
37 silly install resolved        test: 'gulp lint test',
37 silly install resolved        prepublish: 'npm run build && npm test' },
37 silly install resolved     repository:
37 silly install resolved      { type: 'git',
37 silly install resolved        url: 'git+https://github.com/Polymer/polymer-cli.git' },
37 silly install resolved     author: { name: 'The Polymer Project Authors' },
37 silly install resolved     license: 'BSD-3-Clause',
37 silly install resolved     dependencies:
37 silly install resolved      { '@types/chalk': '^0.4.31',
37 silly install resolved        '@types/del': '^2.2.31',
37 silly install resolved        '@types/findup-sync': '^0.3.29',
37 silly install resolved        '@types/fs-extra': '0.0.34',
37 silly install resolved        '@types/gulp-if': '0.0.30',
37 silly install resolved        '@types/html-minifier': '^1.1.30',
37 silly install resolved        '@types/inquirer': '0.0.30',
37 silly install resolved        '@types/merge-stream': '^1.0.28',
37 silly install resolved        '@types/node': '^6.0.41',
37 silly install resolved        '@types/parse5': '^2.2.33',
37 silly install resolved        '@types/request': '0.0.32',
37 silly install resolved        '@types/temp': '^0.8.28',
37 silly install resolved        '@types/uglify-js': '^2.6.28',
37 silly install resolved        '@types/vinyl': '^1.1.29',
37 silly install resolved        '@types/vinyl-fs': '0.0.28',
37 silly install resolved        '@types/yeoman-generator': '0.0.30',
37 silly install resolved        chalk: '^1.1.3',
37 silly install resolved        'command-line-args': '^3.0.0',
37 silly install resolved        'command-line-commands': '^1.0.3',
37 silly install resolved        'command-line-usage': '^3.0.1',
37 silly install resolved        'css-slam': '^1.1.0',
37 silly install resolved        del: '^2.2.2',
37 silly install resolved        dom5: '^2.0.1',
37 silly install resolved        'findup-sync': '^0.4.2',
37 silly install resolved        'fs-extra': '^1.0.0',
37 silly install resolved        github: '^6.0.1',
37 silly install resolved        'gulp-if': '^2.0.0',
37 silly install resolved        'gunzip-maybe': '^1.3.1',
37 silly install resolved        'html-minifier': '^3.0.1',
37 silly install resolved        inquirer: '^1.0.2',
37 silly install resolved        'merge-stream': '^1.0.0',
37 silly install resolved        parse5: '^2.2.3',
37 silly install resolved        plylog: '^0.4.0',
37 silly install resolved        polylint: '^2.10.0',
37 silly install resolved        'polymer-build': '^0.4.1',
37 silly install resolved        polyserve: '^0.13.0',
37 silly install resolved        request: '^2.72.0',
37 silly install resolved        resolve: '^1.1.7',
37 silly install resolved        'tar-fs': '^1.12.0',
37 silly install resolved        temp: '^0.8.3',
37 silly install resolved        'uglify-js': '^2.7.0',
37 silly install resolved        'update-notifier': '^1.0.0',
37 silly install resolved        vinyl: '^1.1.1',
37 silly install resolved        'vinyl-fs': '^2.4.3',
37 silly install resolved        'web-component-tester': '^5.0.0',
37 silly install resolved        'yeoman-environment': '^1.5.2',
37 silly install resolved        'yeoman-generator': '^0.23.3' },
37 silly install resolved     devDependencies:
37 silly install resolved      { bower: '^1.7.9',
37 silly install resolved        chai: '^3.5.0',
37 silly install resolved        depcheck: '^0.6.3',
37 silly install resolved        gulp: '^3.9.1',
37 silly install resolved        'gulp-eslint': '^2.0.0',
37 silly install resolved        'gulp-mocha': '^3.0.1',
37 silly install resolved        'gulp-tslint': '^5.0.0',
37 silly install resolved        'gulp-typescript': '^3.0.0',
37 silly install resolved        'run-sequence': '^1.2.0',
37 silly install resolved        sinon: '^1.17.4',
37 silly install resolved        tslint: '^3.10.2',
37 silly install resolved        typescript: '^2.0.3',
37 silly install resolved        'vinyl-fs-fake': '^1.1.0',
37 silly install resolved        'yeoman-assert': '^2.2.1',
37 silly install resolved        'yeoman-test': '^1.1.0' },
37 silly install resolved     gitHead: '5966eab1bf3d1957a26df9dc82e203fe8be4a675',
37 silly install resolved     bugs: { url: 'https://github.com/Polymer/polymer-cli/issues' },
37 silly install resolved     homepage: 'https://github.com/Polymer/polymer-cli#readme',
37 silly install resolved     _id: 'polymer-cli@0.17.0',
37 silly install resolved     _shasum: '35e6e01fc36564fdb614ca95681bdcb0c3d82a19',
37 silly install resolved     _from: 'polymer-cli@latest',
37 silly install resolved     _npmVersion: '3.10.3',
37 silly install resolved     _nodeVersion: '6.4.0',
37 silly install resolved     _npmUser: { name: 'polymer', email: 'admin@polymer-project.org' },
37 silly install resolved     dist:
37 silly install resolved      { shasum: '35e6e01fc36564fdb614ca95681bdcb0c3d82a19',
37 silly install resolved        tarball: 'https://registry.npmjs.org/polymer-cli/-/polymer-cli-0.17.0.tgz' },
37 silly install resolved     maintainers: [ [Object], [Object] ],
37 silly install resolved     _npmOperationalInternal:
37 silly install resolved      { host: 'packages-18-east.internal.npmjs.com',
37 silly install resolved        tmp: 'tmp/polymer-cli-0.17.0.tgz_1478057724525_0.6959961499087512' },
37 silly install resolved     directories: {},
37 silly install resolved     _resolved: 'https://registry.npmjs.org/polymer-cli/-/polymer-cli-0.17.0.tgz',
37 silly install resolved     readme: 'ERROR: No README data found!' } ]
38 info install polymer-cli@0.17.0 into /usr/local/lib
39 info installOne polymer-cli@0.17.0
40 verbose installOne of polymer-cli to /usr/local/lib not in flight; installing
41 verbose correctMkdir /Users/Pinkbits/.npm/_locks correctMkdir not in flight; initializing
42 verbose lock using /Users/Pinkbits/.npm/_locks/polymer-cli-e8248b3129cc6a2b.lock for /usr/local/lib/node_modules/polymer-cli
43 silly install write writing polymer-cli 0.17.0 to /usr/local/lib/node_modules/polymer-cli
44 verbose unbuild lib/node_modules/polymer-cli
45 info preuninstall polymer-cli@0.17.0
46 info uninstall polymer-cli@0.17.0
47 verbose unbuild rmStuff polymer-cli@0.17.0 from /usr/local/lib/node_modules
48 silly gentlyRm /usr/local/bin/polymer is being gently removed
49 silly gentlyRm verifying /usr/local is an npm working directory
50 silly gentlyRm containing path /usr/local is under npm's control, in /usr/local
51 silly gentlyRm deletion target /usr/local/bin/polymer is under /usr/local
52 verbose gentlyRm vacuuming from /usr/local/bin/polymer up to /usr/local
53 silly vacuum-fs removing /usr/local/bin/polymer
54 verbose unlock done using /Users/Pinkbits/.npm/_locks/polymer-cli-e8248b3129cc6a2b.lock for /usr/local/lib/node_modules/polymer-cli
55 verbose stack Error: EACCES: permission denied, unlink '/usr/local/bin/polymer'
55 verbose stack     at Error (native)
56 verbose cwd /Users/Pinkbits/Documents/GitHub/SearchNexus/my-app
57 error Darwin 16.1.0
58 error argv "/usr/local/bin/node" "/usr/local/bin/npm" "install" "-g" "polymer-cli"
59 error node v4.6.1
60 error npm  v2.15.9
61 error path /usr/local/bin/polymer
62 error code EACCES
63 error errno -13
64 error syscall unlink
65 error Error: EACCES: permission denied, unlink '/usr/local/bin/polymer'
65 error     at Error (native)
65 error  { [Error: EACCES: permission denied, unlink '/usr/local/bin/polymer']
65 error   errno: -13,
65 error   code: 'EACCES',
65 error   syscall: 'unlink',
65 error   path: '/usr/local/bin/polymer' }
66 error Please try running this command again as root/Administrator.
67 verbose exit [ -13, true ]
68 verbose unbuild lib/node_modules/polymer-cli
69 info preuninstall polymer-cli@0.17.0
70 info uninstall polymer-cli@0.17.0
71 verbose unbuild rmStuff polymer-cli@0.17.0 from /usr/local/lib/node_modules
72 silly gentlyRm /usr/local/bin/polymer is being gently removed
73 silly gentlyRm verifying /usr/local is an npm working directory
74 silly gentlyRm containing path /usr/local is under npm's control, in /usr/local
75 silly gentlyRm deletion target /usr/local/bin/polymer is under /usr/local
76 verbose gentlyRm vacuuming from /usr/local/bin/polymer up to /usr/local
77 silly vacuum-fs removing /usr/local/bin/polymer
78 error error rolling back Error: EACCES: permission denied, unlink '/usr/local/bin/polymer'
78 error error rolling back     at Error (native)
78 error error rolling back  { [Error: EACCES: permission denied, unlink '/usr/local/bin/polymer']
78 error error rolling back   errno: -13,
78 error error rolling back   code: 'EACCES',
78 error error rolling back   syscall: 'unlink',
78 error error rolling back   path: '/usr/local/bin/polymer' }
